<?xml version="1.0" encoding="UTF-8"?>
<!-- Generated by org.testng.reporters.JUnitReportReporter -->
<testsuite skipped="0" hostname="LAPTOP-V8SO2UPM" name="jan3.Demo2" tests="1" failures="0" timestamp="04 Jan 2020 17:07:06 GMT" time="11.324" errors="0">
  <testcase name="Tc1" time="11.324" classname="jan3.Demo2"/>
</testsuite> <!-- jan3.Demo2 -->
