<?xml version="1.0" encoding="UTF-8"?>
<!-- Generated by org.testng.reporters.JUnitReportReporter -->
<testsuite skipped="0" hostname="LAPTOP-V8SO2UPM" name="jan3.Demo" tests="1" failures="0" timestamp="04 Jan 2020 17:01:12 GMT" time="11.874" errors="0">
  <testcase name="Tc1" time="11.874" classname="jan3.Demo"/>
</testsuite> <!-- jan3.Demo -->
